<?xml version="1.0" encoding="UTF-8"?>
<!-- Generated by org.testng.reporters.JUnitReportReporter -->
<testsuite hostname="PAC-PF1T29X" name="com.domain.HomePageTest" tests="4" failures="0" timestamp="11 Jan 2017 05:11:11 GMT" time="22.997" errors="0">
  <testcase name="testHomePageSold" time="4.614" classname="com.domain.HomePageTest"/>
  <testcase name="testHomePageNewHomes" time="5.303" classname="com.domain.HomePageTest"/>
  <testcase name="testHomePageBuy" time="10.766" classname="com.domain.HomePageTest"/>
  <testcase name="testHomePageRent" time="2.314" classname="com.domain.HomePageTest"/>
</testsuite> <!-- com.domain.HomePageTest -->
